{
  "stats": {
    "suites": 1,
    "tests": 1,
    "passes": 1,
    "pending": 0,
    "failures": 0,
    "start": "2021-09-16T17:19:22.253Z",
    "end": "2021-09-16T17:20:06.455Z",
    "duration": 44202,
    "testsRegistered": 1,
    "passPercent": 100,
    "pendingPercent": 0,
    "other": 0,
    "hasOther": false,
    "skipped": 0,
    "hasSkipped": false,
    "passPercentClass": "success",
    "pendingPercentClass": "danger"
  },
  "suites": {
    "uuid": "cdee112e-4ace-4729-85ae-5b8363b28dfe",
    "title": "",
    "fullFile": "",
    "file": "",
    "beforeHooks": [
      {
        "title": "\"before all\" hook: start server",
        "fullTitle": "\"before all\" hook: start server",
        "timedOut": false,
        "duration": 1619,
        "pass": false,
        "fail": false,
        "pending": false,
        "context": "[\n  \"on_server_started\",\n  \"No file name provided to catch the screen!\"\n]",
        "code": "nsAppium.nsCapabilities.testReporter.context = this;\nawait nsAppium.startServer();",
        "err": {},
        "isRoot": true,
        "uuid": "1b54424a-2051-4c28-a992-717d4cf33d57",
        "isHook": true,
        "skipped": false
      }
    ],
    "afterHooks": [
      {
        "title": "\"after all\" hook: stop appium server",
        "fullTitle": "\"after all\" hook: stop appium server",
        "timedOut": false,
        "duration": 270,
        "pass": false,
        "fail": false,
        "pending": false,
        "code": "await nsAppium.stopServer();",
        "err": {},
        "isRoot": true,
        "uuid": "eba4e8d9-9276-4086-a7f8-877ecab4b9ac",
        "isHook": true,
        "skipped": false
      }
    ],
    "tests": [],
    "suites": [
      {
        "uuid": "237cae53-3253-41b7-9bbd-16b3146f4f56",
        "title": "sample scenario",
        "fullFile": "F:\\code\\RD\\FP\\rdvue-mobile-template\\e2e\\sample.e2e-spec.js",
        "file": "\\e2e\\sample.e2e-spec.js",
        "beforeHooks": [
          {
            "title": "\"before all\" hook",
            "fullTitle": "sample scenario \"before all\" hook",
            "timedOut": false,
            "duration": 40909,
            "pass": false,
            "fail": false,
            "pending": false,
            "context": "[\n  \"appium_driver_started\",\n  \"No file name provided to catch the screen!\"\n]",
            "code": "nsAppium.nsCapabilities.testReporter.context = this; \ndriver = await nsAppium.createDriver();",
            "err": {},
            "isRoot": false,
            "uuid": "b888af1d-9691-4e41-9fed-b2ea02930f22",
            "isHook": true,
            "skipped": false
          }
        ],
        "afterHooks": [
          {
            "title": "\"after all\" hook",
            "fullTitle": "sample scenario \"after all\" hook",
            "timedOut": false,
            "duration": 564,
            "pass": false,
            "fail": false,
            "pending": false,
            "context": "[\n  \"appium_driver_quit\",\n  \"No file name provided to catch the screen!\"\n]",
            "code": "await driver.quit();\nconsole.log(\"Quit driver!\");",
            "err": {},
            "isRoot": false,
            "uuid": "77147722-7621-4168-a74a-dd13403dfe6c",
            "isHook": true,
            "skipped": false
          },
          {
            "title": "\"after each\" hook",
            "fullTitle": "sample scenario \"after each\" hook",
            "timedOut": false,
            "duration": 0,
            "pass": false,
            "fail": false,
            "pending": false,
            "code": "if (this.currentTest.state === \"failed\") {\n    await driver.logTestArtifacts(this.currentTest.title);\n}",
            "err": {},
            "isRoot": false,
            "uuid": "3957ebaa-c9a6-4a62-912b-b75deb9822a1",
            "isHook": true,
            "skipped": false
          }
        ],
        "tests": [
          {
            "title": "should find an element by text",
            "fullTitle": "sample scenario should find an element by text",
            "timedOut": false,
            "duration": 832,
            "state": "passed",
            "speed": "slow",
            "pass": true,
            "fail": false,
            "pending": false,
            "code": "const label = await driver.findElementByText(\"Welcome\", \"contains\");\nassert.isTrue(await label.isDisplayed());",
            "err": {},
            "isRoot": false,
            "uuid": "636445fe-3875-4500-9920-87a90b636442",
            "isHook": false,
            "skipped": false
          }
        ],
        "suites": [],
        "passes": [
          "636445fe-3875-4500-9920-87a90b636442"
        ],
        "failures": [],
        "pending": [],
        "skipped": [],
        "duration": 832,
        "root": false,
        "rootEmpty": false,
        "_timeout": 999999
      }
    ],
    "passes": [],
    "failures": [],
    "pending": [],
    "skipped": [],
    "duration": 0,
    "root": true,
    "rootEmpty": true,
    "_timeout": 999999
  },
  "copyrightYear": 2021
}